<?xml version="1.0" encoding="UTF-8"?>
<!-- Generated by org.testng.reporters.JUnitReportReporter -->
<testsuite hostname="shiv-Inspiron-N5110" failures="0" tests="10" name="com.aut.tests.BookFlightTest" time="117.501" errors="0" timestamp="10 Dec 2022 15:25:43 GMT" skipped="0">
  <testcase classname="com.aut.tests.BookFlightTest" name="orderConfirmationPage" time="1.836"/>
  <testcase classname="com.aut.tests.BookFlightTest" name="orderConfirmationPage" time="1.036"/>
  <testcase classname="com.aut.tests.BookFlightTest" name="registrationPage" time="38.191"/>
  <testcase classname="com.aut.tests.BookFlightTest" name="selectFlightPage" time="1.629"/>
  <testcase classname="com.aut.tests.BookFlightTest" name="registrationConfirmation" time="0.637"/>
  <testcase classname="com.aut.tests.BookFlightTest" name="registrationPage" time="42.987"/>
  <testcase classname="com.aut.tests.BookFlightTest" name="selectFlightPage" time="3.355"/>
  <testcase classname="com.aut.tests.BookFlightTest" name="flightDetailsPage" time="13.472"/>
  <testcase classname="com.aut.tests.BookFlightTest" name="registrationConfirmation" time="0.930"/>
  <testcase classname="com.aut.tests.BookFlightTest" name="flightDetailsPage" time="13.428"/>
</testsuite> <!-- com.aut.tests.BookFlightTest -->
